# Logfile created on 2017-04-21 15:32:27 +0200 by logger.rb/53141
D, [2017-04-21T15:32:27.746200 #3611] DEBUG -- : REQUESTING PAGE: GET / with {} and HTTP headers {}
D, [2017-04-21T15:46:43.565464 #3784] DEBUG -- : REQUESTING PAGE: GET / with {} and HTTP headers {}
D, [2017-04-21T15:46:43.585103 #3784] DEBUG -- : REQUESTING PAGE: GET / with {} and HTTP headers {}
D, [2017-04-21T15:48:32.992187 #3796] DEBUG -- : REQUESTING PAGE: GET / with {} and HTTP headers {}
D, [2017-04-21T15:48:33.019226 #3796] DEBUG -- : REQUESTING PAGE: GET / with {} and HTTP headers {}
D, [2017-04-21T15:50:31.723720 #3846] DEBUG -- : REQUESTING PAGE: GET / with {} and HTTP headers {}
D, [2017-04-21T15:50:31.803001 #3846] DEBUG -- : REQUESTING PAGE: GET / with {} and HTTP headers {}
D, [2017-04-21T16:07:52.956885 #3142] DEBUG -- : REQUESTING PAGE: GET / with {} and HTTP headers {}
D, [2017-04-21T16:07:52.974310 #3142] DEBUG -- : REQUESTING PAGE: GET / with {} and HTTP headers {}
D, [2017-04-21T16:07:52.978447 #3142] DEBUG -- : REQUESTING PAGE: GET / with {} and HTTP headers {}
D, [2017-04-21T16:08:44.064394 #3151] DEBUG -- : REQUESTING PAGE: GET / with {} and HTTP headers {}
D, [2017-04-21T16:08:44.079291 #3151] DEBUG -- : REQUESTING PAGE: GET / with {} and HTTP headers {}
D, [2017-04-21T16:08:44.083187 #3151] DEBUG -- : REQUESTING PAGE: GET / with {} and HTTP headers {}
D, [2017-04-21T16:10:52.807865 #3166] DEBUG -- : REQUESTING PAGE: GET / with {} and HTTP headers {}
D, [2017-04-21T16:10:52.827298 #3166] DEBUG -- : REQUESTING PAGE: GET / with {} and HTTP headers {}
D, [2017-04-21T16:10:52.832203 #3166] DEBUG -- : REQUESTING PAGE: GET / with {} and HTTP headers {}
D, [2017-04-21T16:20:09.090237 #3278] DEBUG -- : REQUESTING PAGE: GET / with {} and HTTP headers {}
D, [2017-04-21T16:20:09.135783 #3278] DEBUG -- : REQUESTING PAGE: GET / with {} and HTTP headers {}
D, [2017-04-21T16:20:09.140993 #3278] DEBUG -- : REQUESTING PAGE: GET / with {} and HTTP headers {}
D, [2017-04-21T16:20:09.146629 #3278] DEBUG -- : REQUESTING PAGE: GET / with {} and HTTP headers {}
D, [2017-04-21T16:20:45.179479 #3284] DEBUG -- : REQUESTING PAGE: GET / with {} and HTTP headers {}
D, [2017-04-21T16:20:45.198017 #3284] DEBUG -- : REQUESTING PAGE: GET / with {} and HTTP headers {}
D, [2017-04-21T16:20:45.202156 #3284] DEBUG -- : REQUESTING PAGE: GET / with {} and HTTP headers {}
D, [2017-04-21T16:20:45.206556 #3284] DEBUG -- : REQUESTING PAGE: GET / with {} and HTTP headers {}
D, [2017-04-21T16:25:00.194750 #3341] DEBUG -- : REQUESTING PAGE: GET / with {} and HTTP headers {}
D, [2017-04-21T16:25:00.213830 #3341] DEBUG -- : REQUESTING PAGE: GET / with {} and HTTP headers {}
D, [2017-04-21T16:25:00.218278 #3341] DEBUG -- : REQUESTING PAGE: GET / with {} and HTTP headers {}
D, [2017-04-21T16:25:00.222896 #3341] DEBUG -- : REQUESTING PAGE: GET / with {} and HTTP headers {}
D, [2017-04-21T16:25:40.323881 #3347] DEBUG -- : REQUESTING PAGE: GET / with {} and HTTP headers {}
D, [2017-04-21T16:25:40.354213 #3347] DEBUG -- : REQUESTING PAGE: GET / with {} and HTTP headers {}
D, [2017-04-21T16:25:40.362804 #3347] DEBUG -- : REQUESTING PAGE: GET / with {} and HTTP headers {}
D, [2017-04-21T16:25:40.370206 #3347] DEBUG -- : REQUESTING PAGE: GET / with {} and HTTP headers {}
D, [2017-04-21T16:25:58.787826 #3353] DEBUG -- : REQUESTING PAGE: GET / with {} and HTTP headers {}
D, [2017-04-21T16:25:58.811029 #3353] DEBUG -- : REQUESTING PAGE: GET / with {} and HTTP headers {}
D, [2017-04-21T16:25:58.815162 #3353] DEBUG -- : REQUESTING PAGE: GET / with {} and HTTP headers {}
D, [2017-04-21T16:25:58.821650 #3353] DEBUG -- : REQUESTING PAGE: GET / with {} and HTTP headers {}
D, [2017-04-21T16:36:23.695873 #3388] DEBUG -- : REQUESTING PAGE: GET / with {} and HTTP headers {}
D, [2017-04-21T16:36:23.713953 #3388] DEBUG -- : REQUESTING PAGE: GET / with {} and HTTP headers {}
D, [2017-04-21T16:36:23.718352 #3388] DEBUG -- : REQUESTING PAGE: GET / with {} and HTTP headers {}
D, [2017-04-21T16:36:23.722684 #3388] DEBUG -- : REQUESTING PAGE: GET / with {} and HTTP headers {}
D, [2017-04-21T16:36:23.728719 #3388] DEBUG -- : REQUESTING PAGE: GET / with {} and HTTP headers {}
D, [2017-04-21T16:39:52.041422 #3407] DEBUG -- : REQUESTING PAGE: GET / with {} and HTTP headers {}
D, [2017-04-21T16:39:52.062139 #3407] DEBUG -- : REQUESTING PAGE: GET / with {} and HTTP headers {}
D, [2017-04-21T16:39:52.067342 #3407] DEBUG -- : REQUESTING PAGE: GET / with {} and HTTP headers {}
D, [2017-04-21T16:39:52.072362 #3407] DEBUG -- : REQUESTING PAGE: GET / with {} and HTTP headers {}
D, [2017-04-21T16:39:52.082171 #3407] DEBUG -- : REQUESTING PAGE: GET / with {} and HTTP headers {}
D, [2017-04-21T16:40:59.435443 #3412] DEBUG -- : REQUESTING PAGE: GET / with {} and HTTP headers {}
D, [2017-04-21T16:40:59.455889 #3412] DEBUG -- : REQUESTING PAGE: GET / with {} and HTTP headers {}
D, [2017-04-21T16:40:59.460575 #3412] DEBUG -- : REQUESTING PAGE: GET / with {} and HTTP headers {}
D, [2017-04-21T16:40:59.467380 #3412] DEBUG -- : REQUESTING PAGE: GET / with {} and HTTP headers {}
D, [2017-04-21T16:40:59.476396 #3412] DEBUG -- : REQUESTING PAGE: GET / with {} and HTTP headers {}
D, [2017-04-21T16:41:21.544679 #3427] DEBUG -- : REQUESTING PAGE: GET / with {} and HTTP headers {}
D, [2017-04-21T16:41:21.565140 #3427] DEBUG -- : REQUESTING PAGE: GET / with {} and HTTP headers {}
D, [2017-04-21T16:41:21.568741 #3427] DEBUG -- : REQUESTING PAGE: GET / with {} and HTTP headers {}
D, [2017-04-21T16:41:21.574524 #3427] DEBUG -- : REQUESTING PAGE: GET / with {} and HTTP headers {}
D, [2017-04-21T16:41:21.586243 #3427] DEBUG -- : REQUESTING PAGE: GET / with {} and HTTP headers {}
D, [2017-04-21T17:28:43.561735 #5463] DEBUG -- : REQUESTING PAGE: GET / with {} and HTTP headers {}
D, [2017-04-21T17:28:43.678561 #5463] DEBUG -- : REQUESTING PAGE: GET / with {} and HTTP headers {}
D, [2017-04-21T17:28:43.692140 #5463] DEBUG -- : REQUESTING PAGE: GET / with {} and HTTP headers {}
D, [2017-04-21T17:28:43.703414 #5463] DEBUG -- : REQUESTING PAGE: GET / with {} and HTTP headers {}
D, [2017-04-21T17:28:43.713247 #5463] DEBUG -- : REQUESTING PAGE: GET / with {} and HTTP headers {}
D, [2017-04-21T17:29:05.250604 #5474] DEBUG -- : REQUESTING PAGE: GET / with {} and HTTP headers {}
D, [2017-04-21T17:29:05.292538 #5474] DEBUG -- : REQUESTING PAGE: GET / with {} and HTTP headers {}
D, [2017-04-21T17:29:05.305047 #5474] DEBUG -- : REQUESTING PAGE: GET / with {} and HTTP headers {}
D, [2017-04-21T17:29:05.316514 #5474] DEBUG -- : REQUESTING PAGE: GET / with {} and HTTP headers {}
D, [2017-04-21T17:29:05.327219 #5474] DEBUG -- : REQUESTING PAGE: GET / with {} and HTTP headers {}
D, [2017-04-21T19:46:13.800531 #2867] DEBUG -- : REQUESTING PAGE: GET / with {} and HTTP headers {}
D, [2017-04-21T19:46:13.858406 #2867] DEBUG -- : REQUESTING PAGE: GET / with {} and HTTP headers {}
D, [2017-04-21T19:46:13.864079 #2867] DEBUG -- : REQUESTING PAGE: GET / with {} and HTTP headers {}
D, [2017-04-21T19:46:13.871521 #2867] DEBUG -- : REQUESTING PAGE: GET / with {} and HTTP headers {}
D, [2017-04-21T19:46:13.878483 #2867] DEBUG -- : REQUESTING PAGE: GET / with {} and HTTP headers {}
D, [2017-04-21T19:50:17.613953 #2944] DEBUG -- : REQUESTING PAGE: GET / with {} and HTTP headers {}
D, [2017-04-21T19:50:17.693871 #2944] DEBUG -- : REQUESTING PAGE: GET / with {} and HTTP headers {}
D, [2017-04-21T19:50:17.705564 #2944] DEBUG -- : REQUESTING PAGE: GET / with {} and HTTP headers {}
D, [2017-04-21T19:50:17.711436 #2944] DEBUG -- : REQUESTING PAGE: GET / with {} and HTTP headers {}
D, [2017-04-21T19:50:17.717037 #2944] DEBUG -- : REQUESTING PAGE: GET / with {} and HTTP headers {}
D, [2017-04-21T19:50:46.818974 #2955] DEBUG -- : REQUESTING PAGE: GET / with {} and HTTP headers {}
D, [2017-04-21T19:50:46.841039 #2955] DEBUG -- : REQUESTING PAGE: GET / with {} and HTTP headers {}
D, [2017-04-21T19:50:46.847926 #2955] DEBUG -- : REQUESTING PAGE: GET / with {} and HTTP headers {}
D, [2017-04-21T19:50:46.857730 #2955] DEBUG -- : REQUESTING PAGE: GET / with {} and HTTP headers {}
D, [2017-04-21T19:50:46.862985 #2955] DEBUG -- : REQUESTING PAGE: GET / with {} and HTTP headers {}
D, [2017-04-21T19:59:55.414704 #3087] DEBUG -- : REQUESTING PAGE: GET / with {} and HTTP headers {}
D, [2017-04-21T19:59:55.434959 #3087] DEBUG -- : REQUESTING PAGE: GET / with {} and HTTP headers {}
D, [2017-04-21T19:59:55.439735 #3087] DEBUG -- : REQUESTING PAGE: GET / with {} and HTTP headers {}
D, [2017-04-21T19:59:55.448275 #3087] DEBUG -- : REQUESTING PAGE: GET / with {} and HTTP headers {}
D, [2017-04-21T19:59:55.458566 #3087] DEBUG -- : REQUESTING PAGE: GET / with {} and HTTP headers {}
D, [2017-04-21T19:59:55.469709 #3087] DEBUG -- : REQUESTING PAGE: GET / with {} and HTTP headers {}
D, [2017-04-21T20:06:38.050139 #3120] DEBUG -- : REQUESTING PAGE: GET / with {} and HTTP headers {}
D, [2017-04-21T20:06:38.069941 #3120] DEBUG -- : REQUESTING PAGE: GET / with {} and HTTP headers {}
D, [2017-04-21T20:06:38.075262 #3120] DEBUG -- : REQUESTING PAGE: GET / with {} and HTTP headers {}
D, [2017-04-21T20:06:38.081758 #3120] DEBUG -- : REQUESTING PAGE: GET / with {} and HTTP headers {}
D, [2017-04-21T20:06:38.088175 #3120] DEBUG -- : REQUESTING PAGE: GET / with {} and HTTP headers {}
D, [2017-04-21T20:09:03.029501 #3132] DEBUG -- : REQUESTING PAGE: GET / with {} and HTTP headers {}
D, [2017-04-21T20:09:03.049916 #3132] DEBUG -- : REQUESTING PAGE: GET / with {} and HTTP headers {}
D, [2017-04-21T20:09:03.057476 #3132] DEBUG -- : REQUESTING PAGE: GET / with {} and HTTP headers {}
D, [2017-04-21T20:09:03.066326 #3132] DEBUG -- : REQUESTING PAGE: GET / with {} and HTTP headers {}
D, [2017-04-21T20:09:03.079274 #3132] DEBUG -- : REQUESTING PAGE: GET / with {} and HTTP headers {}
D, [2017-04-21T20:09:03.084554 #3132] DEBUG -- : REQUESTING PAGE: POST / with "arg1=arg2" and HTTP headers {"HTTP_REFERER"=>"/"}
D, [2017-04-21T20:09:46.206495 #3138] DEBUG -- : REQUESTING PAGE: GET / with {} and HTTP headers {}
D, [2017-04-21T20:09:46.226721 #3138] DEBUG -- : REQUESTING PAGE: GET / with {} and HTTP headers {}
D, [2017-04-21T20:09:46.233678 #3138] DEBUG -- : REQUESTING PAGE: GET / with {} and HTTP headers {}
D, [2017-04-21T20:09:46.243106 #3138] DEBUG -- : REQUESTING PAGE: GET / with {} and HTTP headers {}
D, [2017-04-21T20:09:46.249323 #3138] DEBUG -- : REQUESTING PAGE: GET / with {} and HTTP headers {}
D, [2017-04-21T20:09:46.254109 #3138] DEBUG -- : REQUESTING PAGE: POST / with "arg1=arg2" and HTTP headers {"HTTP_REFERER"=>"/"}
D, [2017-04-21T20:10:16.024043 #3144] DEBUG -- : REQUESTING PAGE: GET / with {} and HTTP headers {}
D, [2017-04-21T20:10:16.050943 #3144] DEBUG -- : REQUESTING PAGE: GET / with {} and HTTP headers {}
D, [2017-04-21T20:10:16.060436 #3144] DEBUG -- : REQUESTING PAGE: GET / with {} and HTTP headers {}
D, [2017-04-21T20:10:16.067402 #3144] DEBUG -- : REQUESTING PAGE: GET / with {} and HTTP headers {}
D, [2017-04-21T20:10:16.075103 #3144] DEBUG -- : REQUESTING PAGE: GET / with {} and HTTP headers {}
D, [2017-04-21T20:10:16.081846 #3144] DEBUG -- : REQUESTING PAGE: POST / with "arg1=arg2" and HTTP headers {"HTTP_REFERER"=>"/"}
D, [2017-04-21T20:10:53.268525 #3150] DEBUG -- : REQUESTING PAGE: GET / with {} and HTTP headers {}
D, [2017-04-21T20:10:53.293680 #3150] DEBUG -- : REQUESTING PAGE: GET / with {} and HTTP headers {}
D, [2017-04-21T20:10:53.302841 #3150] DEBUG -- : REQUESTING PAGE: GET / with {} and HTTP headers {}
D, [2017-04-21T20:10:53.315764 #3150] DEBUG -- : REQUESTING PAGE: GET / with {} and HTTP headers {}
D, [2017-04-21T20:10:53.326268 #3150] DEBUG -- : REQUESTING PAGE: GET / with {} and HTTP headers {}
D, [2017-04-21T20:10:53.335768 #3150] DEBUG -- : REQUESTING PAGE: POST / with "arg1=arg2" and HTTP headers {"HTTP_REFERER"=>"/"}
D, [2017-04-21T20:11:53.465862 #3157] DEBUG -- : REQUESTING PAGE: GET / with {} and HTTP headers {}
D, [2017-04-21T20:11:53.486509 #3157] DEBUG -- : REQUESTING PAGE: GET / with {} and HTTP headers {}
D, [2017-04-21T20:11:53.493910 #3157] DEBUG -- : REQUESTING PAGE: GET / with {} and HTTP headers {}
D, [2017-04-21T20:11:53.500662 #3157] DEBUG -- : REQUESTING PAGE: GET / with {} and HTTP headers {}
D, [2017-04-21T20:11:53.510787 #3157] DEBUG -- : REQUESTING PAGE: GET / with {} and HTTP headers {}
D, [2017-04-21T20:11:53.515113 #3157] DEBUG -- : REQUESTING PAGE: POST / with "arg1=arg2" and HTTP headers {"HTTP_REFERER"=>"/"}
D, [2017-04-21T20:12:02.007941 #3162] DEBUG -- : REQUESTING PAGE: GET / with {} and HTTP headers {}
D, [2017-04-21T20:12:02.028828 #3162] DEBUG -- : REQUESTING PAGE: GET / with {} and HTTP headers {}
D, [2017-04-21T20:12:02.037044 #3162] DEBUG -- : REQUESTING PAGE: GET / with {} and HTTP headers {}
D, [2017-04-21T20:12:02.044172 #3162] DEBUG -- : REQUESTING PAGE: GET / with {} and HTTP headers {}
D, [2017-04-21T20:12:02.052024 #3162] DEBUG -- : REQUESTING PAGE: GET / with {} and HTTP headers {}
D, [2017-04-21T20:12:02.058950 #3162] DEBUG -- : REQUESTING PAGE: POST / with "arg1=arg2" and HTTP headers {"HTTP_REFERER"=>"/"}
D, [2017-04-21T20:12:37.032329 #3168] DEBUG -- : REQUESTING PAGE: GET / with {} and HTTP headers {}
D, [2017-04-21T20:12:37.054637 #3168] DEBUG -- : REQUESTING PAGE: GET / with {} and HTTP headers {}
D, [2017-04-21T20:12:37.060389 #3168] DEBUG -- : REQUESTING PAGE: GET / with {} and HTTP headers {}
D, [2017-04-21T20:12:37.066256 #3168] DEBUG -- : REQUESTING PAGE: GET / with {} and HTTP headers {}
D, [2017-04-21T20:12:37.073062 #3168] DEBUG -- : REQUESTING PAGE: GET / with {} and HTTP headers {}
D, [2017-04-21T20:12:37.078996 #3168] DEBUG -- : REQUESTING PAGE: POST / with "arg1=arg2" and HTTP headers {"HTTP_REFERER"=>"/"}
D, [2017-04-21T20:13:55.454111 #3175] DEBUG -- : REQUESTING PAGE: GET / with {} and HTTP headers {}
D, [2017-04-21T20:13:55.474980 #3175] DEBUG -- : REQUESTING PAGE: GET / with {} and HTTP headers {}
D, [2017-04-21T20:13:55.481887 #3175] DEBUG -- : REQUESTING PAGE: GET / with {} and HTTP headers {}
D, [2017-04-21T20:13:55.489269 #3175] DEBUG -- : REQUESTING PAGE: GET / with {} and HTTP headers {}
D, [2017-04-21T20:13:55.496106 #3175] DEBUG -- : REQUESTING PAGE: GET / with {} and HTTP headers {}
D, [2017-04-21T20:13:55.501917 #3175] DEBUG -- : REQUESTING PAGE: POST / with "arg1=arg2" and HTTP headers {"HTTP_REFERER"=>"/"}
D, [2017-04-21T20:15:14.800752 #3181] DEBUG -- : REQUESTING PAGE: GET / with {} and HTTP headers {}
D, [2017-04-21T20:15:14.826396 #3181] DEBUG -- : REQUESTING PAGE: GET / with {} and HTTP headers {}
D, [2017-04-21T20:15:14.835549 #3181] DEBUG -- : REQUESTING PAGE: GET / with {} and HTTP headers {}
D, [2017-04-21T20:15:14.843275 #3181] DEBUG -- : REQUESTING PAGE: GET / with {} and HTTP headers {}
D, [2017-04-21T20:15:14.851126 #3181] DEBUG -- : REQUESTING PAGE: GET / with {} and HTTP headers {}
D, [2017-04-21T20:15:14.855555 #3181] DEBUG -- : REQUESTING PAGE: POST / with "arg1=arg2" and HTTP headers {"HTTP_REFERER"=>"/"}
D, [2017-04-21T20:15:33.292309 #3187] DEBUG -- : REQUESTING PAGE: GET / with {} and HTTP headers {}
D, [2017-04-21T20:15:33.321968 #3187] DEBUG -- : REQUESTING PAGE: GET / with {} and HTTP headers {}
D, [2017-04-21T20:15:33.332465 #3187] DEBUG -- : REQUESTING PAGE: GET / with {} and HTTP headers {}
D, [2017-04-21T20:15:33.339500 #3187] DEBUG -- : REQUESTING PAGE: GET / with {} and HTTP headers {}
D, [2017-04-21T20:15:33.348195 #3187] DEBUG -- : REQUESTING PAGE: GET / with {} and HTTP headers {}
D, [2017-04-21T20:15:33.353874 #3187] DEBUG -- : REQUESTING PAGE: POST / with "arg1=arg2" and HTTP headers {"HTTP_REFERER"=>"/"}
D, [2017-04-21T20:16:18.748202 #3205] DEBUG -- : REQUESTING PAGE: GET / with {} and HTTP headers {}
D, [2017-04-21T20:16:18.834016 #3205] DEBUG -- : REQUESTING PAGE: GET / with {} and HTTP headers {}
D, [2017-04-21T20:16:18.840816 #3205] DEBUG -- : REQUESTING PAGE: GET / with {} and HTTP headers {}
D, [2017-04-21T20:16:18.846356 #3205] DEBUG -- : REQUESTING PAGE: GET / with {} and HTTP headers {}
D, [2017-04-21T20:16:18.853280 #3205] DEBUG -- : REQUESTING PAGE: GET / with {} and HTTP headers {}
D, [2017-04-21T20:16:18.857728 #3205] DEBUG -- : REQUESTING PAGE: POST / with "arg1=arg2" and HTTP headers {"HTTP_REFERER"=>"/"}
D, [2017-04-21T20:18:50.966792 #3251] DEBUG -- : REQUESTING PAGE: GET / with {} and HTTP headers {}
D, [2017-04-21T20:18:50.986290 #3251] DEBUG -- : REQUESTING PAGE: GET / with {} and HTTP headers {}
D, [2017-04-21T20:18:50.992091 #3251] DEBUG -- : REQUESTING PAGE: GET / with {} and HTTP headers {}
D, [2017-04-21T20:18:50.998674 #3251] DEBUG -- : REQUESTING PAGE: GET / with {} and HTTP headers {}
D, [2017-04-21T20:18:51.005731 #3251] DEBUG -- : REQUESTING PAGE: GET / with {} and HTTP headers {}
D, [2017-04-21T20:18:51.010379 #3251] DEBUG -- : REQUESTING PAGE: POST / with "arg1=arg2" and HTTP headers {"HTTP_REFERER"=>"/"}
D, [2017-04-21T20:19:43.988065 #3290] DEBUG -- : REQUESTING PAGE: GET / with {} and HTTP headers {}
D, [2017-04-21T20:19:44.118412 #3290] DEBUG -- : REQUESTING PAGE: GET / with {} and HTTP headers {}
D, [2017-04-21T20:19:44.145084 #3290] DEBUG -- : REQUESTING PAGE: GET / with {} and HTTP headers {}
D, [2017-04-21T20:19:44.169494 #3290] DEBUG -- : REQUESTING PAGE: GET / with {} and HTTP headers {}
D, [2017-04-21T20:19:44.178797 #3290] DEBUG -- : REQUESTING PAGE: GET / with {} and HTTP headers {}
D, [2017-04-21T20:19:44.184517 #3290] DEBUG -- : REQUESTING PAGE: POST / with "arg1=arg2" and HTTP headers {"HTTP_REFERER"=>"/"}
D, [2017-04-21T20:21:03.598216 #3307] DEBUG -- : REQUESTING PAGE: GET / with {} and HTTP headers {}
D, [2017-04-21T20:21:03.618026 #3307] DEBUG -- : REQUESTING PAGE: GET / with {} and HTTP headers {}
D, [2017-04-21T20:21:03.624598 #3307] DEBUG -- : REQUESTING PAGE: GET / with {} and HTTP headers {}
D, [2017-04-21T20:21:03.634197 #3307] DEBUG -- : REQUESTING PAGE: GET / with {} and HTTP headers {}
D, [2017-04-21T20:21:03.641922 #3307] DEBUG -- : REQUESTING PAGE: GET / with {} and HTTP headers {}
D, [2017-04-21T20:21:03.648206 #3307] DEBUG -- : REQUESTING PAGE: POST / with "arg1=arg2" and HTTP headers {"HTTP_REFERER"=>"/"}
D, [2017-04-21T20:23:07.338006 #3314] DEBUG -- : REQUESTING PAGE: GET / with {} and HTTP headers {}
D, [2017-04-21T20:23:07.362525 #3314] DEBUG -- : REQUESTING PAGE: GET / with {} and HTTP headers {}
D, [2017-04-21T20:23:07.371212 #3314] DEBUG -- : REQUESTING PAGE: GET / with {} and HTTP headers {}
D, [2017-04-21T20:23:07.378509 #3314] DEBUG -- : REQUESTING PAGE: GET / with {} and HTTP headers {}
D, [2017-04-21T20:23:07.387738 #3314] DEBUG -- : REQUESTING PAGE: GET / with {} and HTTP headers {}
D, [2017-04-21T20:23:07.394606 #3314] DEBUG -- : REQUESTING PAGE: POST / with "arg1=arg2" and HTTP headers {"HTTP_REFERER"=>"/"}
D, [2017-04-21T20:24:18.230458 #3321] DEBUG -- : REQUESTING PAGE: GET / with {} and HTTP headers {}
D, [2017-04-21T20:24:18.253219 #3321] DEBUG -- : REQUESTING PAGE: GET / with {} and HTTP headers {}
D, [2017-04-21T20:24:18.259430 #3321] DEBUG -- : REQUESTING PAGE: GET / with {} and HTTP headers {}
D, [2017-04-21T20:24:18.268933 #3321] DEBUG -- : REQUESTING PAGE: GET / with {} and HTTP headers {}
D, [2017-04-21T20:24:18.279778 #3321] DEBUG -- : REQUESTING PAGE: GET / with {} and HTTP headers {}
D, [2017-04-21T20:24:18.287582 #3321] DEBUG -- : REQUESTING PAGE: POST /intentar with {} and HTTP headers {"HTTP_REFERER"=>"/"}
D, [2017-04-21T20:26:52.475201 #3338] DEBUG -- : REQUESTING PAGE: GET / with {} and HTTP headers {}
D, [2017-04-21T20:26:52.494841 #3338] DEBUG -- : REQUESTING PAGE: GET / with {} and HTTP headers {}
D, [2017-04-21T20:26:52.500533 #3338] DEBUG -- : REQUESTING PAGE: GET / with {} and HTTP headers {}
D, [2017-04-21T20:26:52.507417 #3338] DEBUG -- : REQUESTING PAGE: GET / with {} and HTTP headers {}
D, [2017-04-21T20:26:52.516204 #3338] DEBUG -- : REQUESTING PAGE: GET / with {} and HTTP headers {}
D, [2017-04-21T20:27:23.614500 #3344] DEBUG -- : REQUESTING PAGE: GET / with {} and HTTP headers {}
D, [2017-04-21T20:27:23.633949 #3344] DEBUG -- : REQUESTING PAGE: GET / with {} and HTTP headers {}
D, [2017-04-21T20:27:23.640096 #3344] DEBUG -- : REQUESTING PAGE: GET / with {} and HTTP headers {}
D, [2017-04-21T20:27:23.645862 #3344] DEBUG -- : REQUESTING PAGE: GET / with {} and HTTP headers {}
D, [2017-04-21T20:27:23.656570 #3344] DEBUG -- : REQUESTING PAGE: GET / with {} and HTTP headers {}
D, [2017-04-21T20:27:23.661371 #3344] DEBUG -- : REQUESTING PAGE: POST /intentar with {"txtpal"=>"Hola"} and HTTP headers {"HTTP_REFERER"=>"/"}
D, [2017-04-21T20:31:57.921641 #3351] DEBUG -- : REQUESTING PAGE: GET / with {} and HTTP headers {}
D, [2017-04-21T20:31:57.946143 #3351] DEBUG -- : REQUESTING PAGE: GET / with {} and HTTP headers {}
D, [2017-04-21T20:31:57.951314 #3351] DEBUG -- : REQUESTING PAGE: GET / with {} and HTTP headers {}
D, [2017-04-21T20:31:57.959518 #3351] DEBUG -- : REQUESTING PAGE: GET / with {} and HTTP headers {}
D, [2017-04-21T20:31:57.966947 #3351] DEBUG -- : REQUESTING PAGE: GET / with {} and HTTP headers {}
D, [2017-04-21T20:31:57.973758 #3351] DEBUG -- : REQUESTING PAGE: POST /intentar with {"txtpal"=>"Hola"} and HTTP headers {"HTTP_REFERER"=>"/"}
D, [2017-04-21T20:32:35.693128 #3359] DEBUG -- : REQUESTING PAGE: GET / with {} and HTTP headers {}
D, [2017-04-21T20:32:35.714017 #3359] DEBUG -- : REQUESTING PAGE: GET / with {} and HTTP headers {}
D, [2017-04-21T20:32:35.720418 #3359] DEBUG -- : REQUESTING PAGE: GET / with {} and HTTP headers {}
D, [2017-04-21T20:32:35.726470 #3359] DEBUG -- : REQUESTING PAGE: GET / with {} and HTTP headers {}
D, [2017-04-21T20:32:35.735968 #3359] DEBUG -- : REQUESTING PAGE: GET / with {} and HTTP headers {}
D, [2017-04-21T20:32:35.742073 #3359] DEBUG -- : REQUESTING PAGE: POST /intentar with {"txtpal"=>"Hola"} and HTTP headers {"HTTP_REFERER"=>"/"}
D, [2017-04-21T20:32:58.199957 #3365] DEBUG -- : REQUESTING PAGE: GET / with {} and HTTP headers {}
D, [2017-04-21T20:32:58.230573 #3365] DEBUG -- : REQUESTING PAGE: GET / with {} and HTTP headers {}
D, [2017-04-21T20:32:58.238434 #3365] DEBUG -- : REQUESTING PAGE: GET / with {} and HTTP headers {}
D, [2017-04-21T20:32:58.246039 #3365] DEBUG -- : REQUESTING PAGE: GET / with {} and HTTP headers {}
D, [2017-04-21T20:32:58.255563 #3365] DEBUG -- : REQUESTING PAGE: GET / with {} and HTTP headers {}
D, [2017-04-21T20:32:58.261920 #3365] DEBUG -- : REQUESTING PAGE: POST /intentar with {"txtpal"=>"Hola"} and HTTP headers {"HTTP_REFERER"=>"/"}
D, [2017-04-21T20:33:26.234934 #3371] DEBUG -- : REQUESTING PAGE: GET / with {} and HTTP headers {}
D, [2017-04-21T20:33:26.257029 #3371] DEBUG -- : REQUESTING PAGE: GET / with {} and HTTP headers {}
D, [2017-04-21T20:33:26.262783 #3371] DEBUG -- : REQUESTING PAGE: GET / with {} and HTTP headers {}
D, [2017-04-21T20:33:26.271778 #3371] DEBUG -- : REQUESTING PAGE: GET / with {} and HTTP headers {}
D, [2017-04-21T20:33:26.279750 #3371] DEBUG -- : REQUESTING PAGE: GET / with {} and HTTP headers {}
D, [2017-04-21T20:33:26.285077 #3371] DEBUG -- : REQUESTING PAGE: POST /intentar with {"txtpal"=>"Hola"} and HTTP headers {"HTTP_REFERER"=>"/"}
D, [2017-04-21T20:38:51.207406 #3382] DEBUG -- : REQUESTING PAGE: GET / with {} and HTTP headers {}
D, [2017-04-21T20:38:51.230027 #3382] DEBUG -- : REQUESTING PAGE: GET / with {} and HTTP headers {}
D, [2017-04-21T20:38:51.237238 #3382] DEBUG -- : REQUESTING PAGE: GET / with {} and HTTP headers {}
D, [2017-04-21T20:38:51.246864 #3382] DEBUG -- : REQUESTING PAGE: GET / with {} and HTTP headers {}
D, [2017-04-21T20:38:51.257158 #3382] DEBUG -- : REQUESTING PAGE: GET / with {} and HTTP headers {}
D, [2017-04-21T20:38:51.267800 #3382] DEBUG -- : REQUESTING PAGE: POST /intentar with {"txtpal"=>"Hola"} and HTTP headers {"HTTP_REFERER"=>"/"}
D, [2017-04-21T20:40:00.238353 #3388] DEBUG -- : REQUESTING PAGE: GET / with {} and HTTP headers {}
D, [2017-04-21T20:40:00.260076 #3388] DEBUG -- : REQUESTING PAGE: GET / with {} and HTTP headers {}
D, [2017-04-21T20:40:00.268205 #3388] DEBUG -- : REQUESTING PAGE: GET / with {} and HTTP headers {}
D, [2017-04-21T20:40:00.275510 #3388] DEBUG -- : REQUESTING PAGE: GET / with {} and HTTP headers {}
D, [2017-04-21T20:40:00.281556 #3388] DEBUG -- : REQUESTING PAGE: GET / with {} and HTTP headers {}
D, [2017-04-21T20:40:00.289729 #3388] DEBUG -- : REQUESTING PAGE: POST /intentar with {"txtpal"=>"Hola"} and HTTP headers {"HTTP_REFERER"=>"/"}
D, [2017-04-21T20:44:36.145873 #3446] DEBUG -- : REQUESTING PAGE: GET / with {} and HTTP headers {}
D, [2017-04-21T20:44:36.166470 #3446] DEBUG -- : REQUESTING PAGE: GET / with {} and HTTP headers {}
D, [2017-04-21T20:44:36.171557 #3446] DEBUG -- : REQUESTING PAGE: GET / with {} and HTTP headers {}
D, [2017-04-21T20:44:36.178468 #3446] DEBUG -- : REQUESTING PAGE: GET / with {} and HTTP headers {}
D, [2017-04-21T20:44:36.184459 #3446] DEBUG -- : REQUESTING PAGE: GET / with {} and HTTP headers {}
D, [2017-04-21T20:44:36.191866 #3446] DEBUG -- : REQUESTING PAGE: POST /intentar with {"txtpal"=>"Hola"} and HTTP headers {"HTTP_REFERER"=>"/"}
D, [2017-04-21T20:44:46.476827 #3456] DEBUG -- : REQUESTING PAGE: GET / with {} and HTTP headers {}
D, [2017-04-21T20:44:46.502435 #3456] DEBUG -- : REQUESTING PAGE: GET / with {} and HTTP headers {}
D, [2017-04-21T20:44:46.511457 #3456] DEBUG -- : REQUESTING PAGE: GET / with {} and HTTP headers {}
D, [2017-04-21T20:44:46.520516 #3456] DEBUG -- : REQUESTING PAGE: GET / with {} and HTTP headers {}
D, [2017-04-21T20:44:46.530083 #3456] DEBUG -- : REQUESTING PAGE: GET / with {} and HTTP headers {}
D, [2017-04-21T20:44:46.539648 #3456] DEBUG -- : REQUESTING PAGE: POST /intentar with {"txtpal"=>"Hola"} and HTTP headers {"HTTP_REFERER"=>"/"}
D, [2017-04-21T20:48:19.655898 #4734] DEBUG -- : REQUESTING PAGE: GET / with {} and HTTP headers {}
D, [2017-04-21T20:48:19.682801 #4734] DEBUG -- : REQUESTING PAGE: GET / with {} and HTTP headers {}
D, [2017-04-21T20:48:19.689640 #4734] DEBUG -- : REQUESTING PAGE: GET / with {} and HTTP headers {}
D, [2017-04-21T20:48:19.699068 #4734] DEBUG -- : REQUESTING PAGE: GET / with {} and HTTP headers {}
D, [2017-04-21T20:48:19.704734 #4734] DEBUG -- : REQUESTING PAGE: GET / with {} and HTTP headers {}
D, [2017-04-21T20:48:19.711948 #4734] DEBUG -- : REQUESTING PAGE: POST /intentar with {"txtpal"=>"Hola"} and HTTP headers {"HTTP_REFERER"=>"/"}
D, [2017-04-21T20:48:19.720489 #4734] DEBUG -- : REQUESTING PAGE: GET / with {} and HTTP headers {}
D, [2017-04-21T20:49:57.008720 #4743] DEBUG -- : REQUESTING PAGE: GET / with {} and HTTP headers {}
D, [2017-04-21T20:49:57.025327 #4743] DEBUG -- : REQUESTING PAGE: GET / with {} and HTTP headers {}
D, [2017-04-21T20:49:57.032511 #4743] DEBUG -- : REQUESTING PAGE: GET / with {} and HTTP headers {}
D, [2017-04-21T20:49:57.037666 #4743] DEBUG -- : REQUESTING PAGE: GET / with {} and HTTP headers {}
D, [2017-04-21T20:49:57.043698 #4743] DEBUG -- : REQUESTING PAGE: GET / with {} and HTTP headers {}
D, [2017-04-21T20:49:57.054796 #4743] DEBUG -- : REQUESTING PAGE: POST /intentar with {"txtpal"=>"Hola"} and HTTP headers {"HTTP_REFERER"=>"/"}
D, [2017-04-21T20:49:57.059907 #4743] DEBUG -- : REQUESTING PAGE: GET / with {} and HTTP headers {}
D, [2017-04-21T20:49:57.065916 #4743] DEBUG -- : REQUESTING PAGE: POST /intentar with {"txtpal"=>"H"} and HTTP headers {"HTTP_REFERER"=>"/"}
D, [2017-04-21T20:52:25.854498 #4752] DEBUG -- : REQUESTING PAGE: GET / with {} and HTTP headers {}
D, [2017-04-21T20:52:25.874422 #4752] DEBUG -- : REQUESTING PAGE: GET / with {} and HTTP headers {}
D, [2017-04-21T20:52:25.879723 #4752] DEBUG -- : REQUESTING PAGE: GET / with {} and HTTP headers {}
D, [2017-04-21T20:52:25.886681 #4752] DEBUG -- : REQUESTING PAGE: GET / with {} and HTTP headers {}
D, [2017-04-21T20:52:25.896188 #4752] DEBUG -- : REQUESTING PAGE: GET / with {} and HTTP headers {}
D, [2017-04-21T20:52:25.901787 #4752] DEBUG -- : REQUESTING PAGE: POST /intentar with {"txtpal"=>"Hola"} and HTTP headers {"HTTP_REFERER"=>"/"}
D, [2017-04-21T20:52:25.907183 #4752] DEBUG -- : REQUESTING PAGE: GET / with {} and HTTP headers {}
D, [2017-04-21T20:52:25.912914 #4752] DEBUG -- : REQUESTING PAGE: POST /intentar with {"txtpal"=>"H"} and HTTP headers {"HTTP_REFERER"=>"/"}
D, [2017-04-21T21:08:08.351793 #4939] DEBUG -- : REQUESTING PAGE: GET / with {} and HTTP headers {}
D, [2017-04-21T21:08:08.371830 #4939] DEBUG -- : REQUESTING PAGE: GET / with {} and HTTP headers {}
D, [2017-04-21T21:08:08.376653 #4939] DEBUG -- : REQUESTING PAGE: GET / with {} and HTTP headers {}
D, [2017-04-21T21:08:08.381599 #4939] DEBUG -- : REQUESTING PAGE: GET / with {} and HTTP headers {}
D, [2017-04-21T21:08:08.390887 #4939] DEBUG -- : REQUESTING PAGE: GET / with {} and HTTP headers {}
D, [2017-04-21T21:08:08.398284 #4939] DEBUG -- : REQUESTING PAGE: POST /intentar with {"txtpal"=>"Hola"} and HTTP headers {"HTTP_REFERER"=>"/"}
D, [2017-04-21T21:08:08.405443 #4939] DEBUG -- : REQUESTING PAGE: GET / with {} and HTTP headers {}
D, [2017-04-21T21:08:08.411871 #4939] DEBUG -- : REQUESTING PAGE: POST /intentar with {"txtpal"=>"H"} and HTTP headers {"HTTP_REFERER"=>"/"}
D, [2017-04-21T21:08:50.492966 #4945] DEBUG -- : REQUESTING PAGE: GET / with {} and HTTP headers {}
D, [2017-04-21T21:08:50.511714 #4945] DEBUG -- : REQUESTING PAGE: GET / with {} and HTTP headers {}
D, [2017-04-21T21:08:50.516249 #4945] DEBUG -- : REQUESTING PAGE: GET / with {} and HTTP headers {}
D, [2017-04-21T21:08:50.521666 #4945] DEBUG -- : REQUESTING PAGE: GET / with {} and HTTP headers {}
D, [2017-04-21T21:08:50.529868 #4945] DEBUG -- : REQUESTING PAGE: GET / with {} and HTTP headers {}
D, [2017-04-21T21:08:50.536770 #4945] DEBUG -- : REQUESTING PAGE: POST /intentar with {"txtpal"=>"Hola"} and HTTP headers {"HTTP_REFERER"=>"/"}
D, [2017-04-21T21:08:50.541907 #4945] DEBUG -- : REQUESTING PAGE: GET / with {} and HTTP headers {}
D, [2017-04-21T21:08:50.548010 #4945] DEBUG -- : REQUESTING PAGE: POST /intentar with {"txtpal"=>"H"} and HTTP headers {"HTTP_REFERER"=>"/"}
